{"C:\\Users\\Micka\\OneDrive\\Documents\\Code\\JS-TS\\Real-Estate-Website-GraphQL\\app.js": {"path":"C:\\Users\\Micka\\OneDrive\\Documents\\Code\\JS-TS\\Real-Estate-Website-GraphQL\\app.js","statementMap":{"0":{"start":{"line":20,"column":0},"end":{"line":20,"column":16}},"1":{"start":{"line":22,"column":15},"end":{"line":35,"column":2}},"2":{"start":{"line":37,"column":12},"end":{"line":37,"column":21}},"3":{"start":{"line":38,"column":14},"end":{"line":52,"column":1}},"4":{"start":{"line":40,"column":4},"end":{"line":40,"column":51}},"5":{"start":{"line":40,"column":38},"end":{"line":40,"column":51}},"6":{"start":{"line":41,"column":18},"end":{"line":41,"column":43}},"7":{"start":{"line":42,"column":4},"end":{"line":42,"column":67}},"8":{"start":{"line":43,"column":4},"end":{"line":43,"column":16}},"9":{"start":{"line":46,"column":4},"end":{"line":46,"column":51}},"10":{"start":{"line":46,"column":38},"end":{"line":46,"column":51}},"11":{"start":{"line":47,"column":18},"end":{"line":47,"column":43}},"12":{"start":{"line":48,"column":17},"end":{"line":48,"column":58}},"13":{"start":{"line":49,"column":20},"end":{"line":49,"column":52}},"14":{"start":{"line":50,"column":4},"end":{"line":50,"column":25}},"15":{"start":{"line":54,"column":0},"end":{"line":58,"column":4}}},"fnMap":{"0":{"name":"(anonymous_0)","decl":{"start":{"line":39,"column":19},"end":{"line":39,"column":20}},"loc":{"start":{"line":39,"column":28},"end":{"line":44,"column":3}},"line":39},"1":{"name":"(anonymous_1)","decl":{"start":{"line":45,"column":11},"end":{"line":45,"column":12}},"loc":{"start":{"line":45,"column":26},"end":{"line":51,"column":3}},"line":45}},"branchMap":{"0":{"loc":{"start":{"line":40,"column":4},"end":{"line":40,"column":51}},"type":"if","locations":[{"start":{"line":40,"column":4},"end":{"line":40,"column":51}},{"start":{},"end":{}}],"line":40},"1":{"loc":{"start":{"line":46,"column":4},"end":{"line":46,"column":51}},"type":"if","locations":[{"start":{"line":46,"column":4},"end":{"line":46,"column":51}},{"start":{},"end":{}}],"line":46}},"s":{"0":6,"1":6,"2":6,"3":6,"4":37,"5":15,"6":22,"7":22,"8":22,"9":33,"10":13,"11":20,"12":20,"13":20,"14":20,"15":6},"f":{"0":37,"1":33},"b":{"0":[15,22],"1":[13,20]},"_coverageSchema":"1a1c01bbd47fc00a2c39e90264f33305004495a9","hash":"87d21f93d4466b8744f5df1233f847d54dd06a63"}
,"C:\\Users\\Micka\\OneDrive\\Documents\\Code\\JS-TS\\Real-Estate-Website-GraphQL\\account\\accountModel.js": {"path":"C:\\Users\\Micka\\OneDrive\\Documents\\Code\\JS-TS\\Real-Estate-Website-GraphQL\\account\\accountModel.js","statementMap":{"0":{"start":{"line":3,"column":19},"end":{"line":3,"column":27}},"1":{"start":{"line":5,"column":16},"end":{"line":29,"column":2}}},"fnMap":{},"branchMap":{},"s":{"0":6,"1":6},"f":{},"b":{},"_coverageSchema":"1a1c01bbd47fc00a2c39e90264f33305004495a9","hash":"5af998ef3be31affbc892cc9782d4e0d51cd0b28"}
,"C:\\Users\\Micka\\OneDrive\\Documents\\Code\\JS-TS\\Real-Estate-Website-GraphQL\\account\\accountMutation.js": {"path":"C:\\Users\\Micka\\OneDrive\\Documents\\Code\\JS-TS\\Real-Estate-Website-GraphQL\\account\\accountMutation.js","statementMap":{"0":{"start":{"line":8,"column":24},"end":{"line":70,"column":1}},"1":{"start":{"line":11,"column":28},"end":{"line":11,"column":62}},"2":{"start":{"line":12,"column":20},"end":{"line":12,"column":52}},"3":{"start":{"line":13,"column":6},"end":{"line":13,"column":110}},"4":{"start":{"line":13,"column":36},"end":{"line":13,"column":110}},"5":{"start":{"line":14,"column":21},"end":{"line":14,"column":79}},"6":{"start":{"line":15,"column":6},"end":{"line":17,"column":7}},"7":{"start":{"line":16,"column":8},"end":{"line":16,"column":51}},"8":{"start":{"line":18,"column":21},"end":{"line":18,"column":65}},"9":{"start":{"line":19,"column":22},"end":{"line":26,"column":8}},"10":{"start":{"line":27,"column":6},"end":{"line":27,"column":21}},"11":{"start":{"line":30,"column":28},"end":{"line":30,"column":62}},"12":{"start":{"line":31,"column":20},"end":{"line":31,"column":52}},"13":{"start":{"line":32,"column":6},"end":{"line":32,"column":110}},"14":{"start":{"line":32,"column":36},"end":{"line":32,"column":110}},"15":{"start":{"line":33,"column":22},"end":{"line":45,"column":7}},"16":{"start":{"line":46,"column":6},"end":{"line":46,"column":21}},"17":{"start":{"line":49,"column":28},"end":{"line":49,"column":62}},"18":{"start":{"line":50,"column":20},"end":{"line":50,"column":52}},"19":{"start":{"line":51,"column":6},"end":{"line":51,"column":110}},"20":{"start":{"line":51,"column":36},"end":{"line":51,"column":110}},"21":{"start":{"line":52,"column":22},"end":{"line":52,"column":63}},"22":{"start":{"line":53,"column":6},"end":{"line":53,"column":21}},"23":{"start":{"line":58,"column":21},"end":{"line":58,"column":52}},"24":{"start":{"line":59,"column":22},"end":{"line":66,"column":8}},"25":{"start":{"line":67,"column":6},"end":{"line":67,"column":21}}},"fnMap":{"0":{"name":"(anonymous_0)","decl":{"start":{"line":10,"column":19},"end":{"line":10,"column":20}},"loc":{"start":{"line":10,"column":65},"end":{"line":28,"column":5}},"line":10},"1":{"name":"(anonymous_1)","decl":{"start":{"line":29,"column":19},"end":{"line":29,"column":20}},"loc":{"start":{"line":29,"column":65},"end":{"line":47,"column":5}},"line":29},"2":{"name":"(anonymous_2)","decl":{"start":{"line":48,"column":19},"end":{"line":48,"column":20}},"loc":{"start":{"line":48,"column":65},"end":{"line":54,"column":5}},"line":48},"3":{"name":"(anonymous_3)","decl":{"start":{"line":55,"column":12},"end":{"line":55,"column":13}},"loc":{"start":{"line":57,"column":10},"end":{"line":68,"column":5}},"line":57}},"branchMap":{"0":{"loc":{"start":{"line":13,"column":6},"end":{"line":13,"column":110}},"type":"if","locations":[{"start":{"line":13,"column":6},"end":{"line":13,"column":110}},{"start":{},"end":{}}],"line":13},"1":{"loc":{"start":{"line":13,"column":10},"end":{"line":13,"column":34}},"type":"binary-expr","locations":[{"start":{"line":13,"column":10},"end":{"line":13,"column":24}},{"start":{"line":13,"column":28},"end":{"line":13,"column":34}}],"line":13},"2":{"loc":{"start":{"line":15,"column":6},"end":{"line":17,"column":7}},"type":"if","locations":[{"start":{"line":15,"column":6},"end":{"line":17,"column":7}},{"start":{},"end":{}}],"line":15},"3":{"loc":{"start":{"line":32,"column":6},"end":{"line":32,"column":110}},"type":"if","locations":[{"start":{"line":32,"column":6},"end":{"line":32,"column":110}},{"start":{},"end":{}}],"line":32},"4":{"loc":{"start":{"line":32,"column":10},"end":{"line":32,"column":34}},"type":"binary-expr","locations":[{"start":{"line":32,"column":10},"end":{"line":32,"column":24}},{"start":{"line":32,"column":28},"end":{"line":32,"column":34}}],"line":32},"5":{"loc":{"start":{"line":51,"column":6},"end":{"line":51,"column":110}},"type":"if","locations":[{"start":{"line":51,"column":6},"end":{"line":51,"column":110}},{"start":{},"end":{}}],"line":51},"6":{"loc":{"start":{"line":51,"column":10},"end":{"line":51,"column":34}},"type":"binary-expr","locations":[{"start":{"line":51,"column":10},"end":{"line":51,"column":24}},{"start":{"line":51,"column":28},"end":{"line":51,"column":34}}],"line":51}},"s":{"0":6,"1":4,"2":4,"3":4,"4":2,"5":2,"6":2,"7":1,"8":1,"9":1,"10":1,"11":2,"12":2,"13":2,"14":1,"15":1,"16":1,"17":2,"18":2,"19":2,"20":1,"21":1,"22":1,"23":1,"24":1,"25":1},"f":{"0":4,"1":2,"2":2,"3":1},"b":{"0":[2,2],"1":[4,3],"2":[1,1],"3":[1,1],"4":[2,1],"5":[1,1],"6":[2,1]},"_coverageSchema":"1a1c01bbd47fc00a2c39e90264f33305004495a9","hash":"56abb93c1809b6f83cd782198fc56c48d57ff88f"}
,"C:\\Users\\Micka\\OneDrive\\Documents\\Code\\JS-TS\\Real-Estate-Website-GraphQL\\account\\accountQuery.js": {"path":"C:\\Users\\Micka\\OneDrive\\Documents\\Code\\JS-TS\\Real-Estate-Website-GraphQL\\account\\accountQuery.js","statementMap":{"0":{"start":{"line":8,"column":21},"end":{"line":40,"column":1}},"1":{"start":{"line":11,"column":22},"end":{"line":11,"column":57}},"2":{"start":{"line":12,"column":6},"end":{"line":12,"column":68}},"3":{"start":{"line":12,"column":20},"end":{"line":12,"column":68}},"4":{"start":{"line":13,"column":20},"end":{"line":13,"column":68}},"5":{"start":{"line":14,"column":6},"end":{"line":14,"column":64}},"6":{"start":{"line":14,"column":18},"end":{"line":14,"column":64}},"7":{"start":{"line":15,"column":6},"end":{"line":15,"column":68}},"8":{"start":{"line":18,"column":28},"end":{"line":18,"column":62}},"9":{"start":{"line":19,"column":20},"end":{"line":19,"column":52}},"10":{"start":{"line":20,"column":6},"end":{"line":20,"column":110}},"11":{"start":{"line":20,"column":36},"end":{"line":20,"column":110}},"12":{"start":{"line":22,"column":21},"end":{"line":28,"column":7}},"13":{"start":{"line":23,"column":23},"end":{"line":23,"column":25}},"14":{"start":{"line":24,"column":8},"end":{"line":24,"column":63}},"15":{"start":{"line":24,"column":22},"end":{"line":24,"column":63}},"16":{"start":{"line":25,"column":8},"end":{"line":25,"column":78}},"17":{"start":{"line":25,"column":27},"end":{"line":25,"column":78}},"18":{"start":{"line":26,"column":8},"end":{"line":26,"column":69}},"19":{"start":{"line":26,"column":24},"end":{"line":26,"column":69}},"20":{"start":{"line":27,"column":8},"end":{"line":27,"column":22}},"21":{"start":{"line":29,"column":22},"end":{"line":29,"column":53}},"22":{"start":{"line":30,"column":6},"end":{"line":30,"column":21}},"23":{"start":{"line":33,"column":28},"end":{"line":33,"column":62}},"24":{"start":{"line":34,"column":20},"end":{"line":34,"column":52}},"25":{"start":{"line":35,"column":6},"end":{"line":35,"column":110}},"26":{"start":{"line":35,"column":36},"end":{"line":35,"column":110}},"27":{"start":{"line":36,"column":20},"end":{"line":36,"column":42}},"28":{"start":{"line":37,"column":6},"end":{"line":37,"column":19}}},"fnMap":{"0":{"name":"(anonymous_0)","decl":{"start":{"line":10,"column":12},"end":{"line":10,"column":13}},"loc":{"start":{"line":10,"column":54},"end":{"line":16,"column":5}},"line":10},"1":{"name":"(anonymous_1)","decl":{"start":{"line":17,"column":16},"end":{"line":17,"column":17}},"loc":{"start":{"line":17,"column":62},"end":{"line":31,"column":5}},"line":17},"2":{"name":"(anonymous_2)","decl":{"start":{"line":22,"column":21},"end":{"line":22,"column":22}},"loc":{"start":{"line":22,"column":27},"end":{"line":28,"column":7}},"line":22},"3":{"name":"(anonymous_3)","decl":{"start":{"line":32,"column":20},"end":{"line":32,"column":21}},"loc":{"start":{"line":32,"column":66},"end":{"line":38,"column":5}},"line":32}},"branchMap":{"0":{"loc":{"start":{"line":12,"column":6},"end":{"line":12,"column":68}},"type":"if","locations":[{"start":{"line":12,"column":6},"end":{"line":12,"column":68}},{"start":{},"end":{}}],"line":12},"1":{"loc":{"start":{"line":14,"column":6},"end":{"line":14,"column":64}},"type":"if","locations":[{"start":{"line":14,"column":6},"end":{"line":14,"column":64}},{"start":{},"end":{}}],"line":14},"2":{"loc":{"start":{"line":20,"column":6},"end":{"line":20,"column":110}},"type":"if","locations":[{"start":{"line":20,"column":6},"end":{"line":20,"column":110}},{"start":{},"end":{}}],"line":20},"3":{"loc":{"start":{"line":20,"column":10},"end":{"line":20,"column":34}},"type":"binary-expr","locations":[{"start":{"line":20,"column":10},"end":{"line":20,"column":24}},{"start":{"line":20,"column":28},"end":{"line":20,"column":34}}],"line":20},"4":{"loc":{"start":{"line":24,"column":8},"end":{"line":24,"column":63}},"type":"if","locations":[{"start":{"line":24,"column":8},"end":{"line":24,"column":63}},{"start":{},"end":{}}],"line":24},"5":{"loc":{"start":{"line":25,"column":8},"end":{"line":25,"column":78}},"type":"if","locations":[{"start":{"line":25,"column":8},"end":{"line":25,"column":78}},{"start":{},"end":{}}],"line":25},"6":{"loc":{"start":{"line":26,"column":8},"end":{"line":26,"column":69}},"type":"if","locations":[{"start":{"line":26,"column":8},"end":{"line":26,"column":69}},{"start":{},"end":{}}],"line":26},"7":{"loc":{"start":{"line":35,"column":6},"end":{"line":35,"column":110}},"type":"if","locations":[{"start":{"line":35,"column":6},"end":{"line":35,"column":110}},{"start":{},"end":{}}],"line":35},"8":{"loc":{"start":{"line":35,"column":10},"end":{"line":35,"column":34}},"type":"binary-expr","locations":[{"start":{"line":35,"column":10},"end":{"line":35,"column":24}},{"start":{"line":35,"column":28},"end":{"line":35,"column":34}}],"line":35}},"s":{"0":6,"1":25,"2":25,"3":1,"4":24,"5":24,"6":1,"7":23,"8":4,"9":4,"10":4,"11":2,"12":2,"13":2,"14":2,"15":1,"16":2,"17":1,"18":2,"19":1,"20":2,"21":2,"22":2,"23":2,"24":2,"25":2,"26":1,"27":1,"28":1},"f":{"0":25,"1":4,"2":2,"3":2},"b":{"0":[1,24],"1":[1,23],"2":[2,2],"3":[4,3],"4":[1,1],"5":[1,1],"6":[1,1],"7":[1,1],"8":[2,1]},"_coverageSchema":"1a1c01bbd47fc00a2c39e90264f33305004495a9","hash":"55e9701f077c164c6d9740c58f044bd2481b78cc"}
,"C:\\Users\\Micka\\OneDrive\\Documents\\Code\\JS-TS\\Real-Estate-Website-GraphQL\\account\\accountType.js": {"path":"C:\\Users\\Micka\\OneDrive\\Documents\\Code\\JS-TS\\Real-Estate-Website-GraphQL\\account\\accountType.js","statementMap":{"0":{"start":{"line":1,"column":20},"end":{"line":43,"column":1}}},"fnMap":{},"branchMap":{},"s":{"0":6},"f":{},"b":{},"_coverageSchema":"1a1c01bbd47fc00a2c39e90264f33305004495a9","hash":"d59b9c003d6882ac146efbf8c1a84410596ac152"}
,"C:\\Users\\Micka\\OneDrive\\Documents\\Code\\JS-TS\\Real-Estate-Website-GraphQL\\advertisement\\advertisementModel.js": {"path":"C:\\Users\\Micka\\OneDrive\\Documents\\Code\\JS-TS\\Real-Estate-Website-GraphQL\\advertisement\\advertisementModel.js","statementMap":{"0":{"start":{"line":6,"column":19},"end":{"line":6,"column":27}},"1":{"start":{"line":8,"column":22},"end":{"line":39,"column":2}}},"fnMap":{},"branchMap":{},"s":{"0":6,"1":6},"f":{},"b":{},"_coverageSchema":"1a1c01bbd47fc00a2c39e90264f33305004495a9","hash":"cd5479084b634c6d25bb073568ad1b1dbd68c7e6"}
,"C:\\Users\\Micka\\OneDrive\\Documents\\Code\\JS-TS\\Real-Estate-Website-GraphQL\\advertisement\\advertisementMutation.js": {"path":"C:\\Users\\Micka\\OneDrive\\Documents\\Code\\JS-TS\\Real-Estate-Website-GraphQL\\advertisement\\advertisementMutation.js","statementMap":{"0":{"start":{"line":7,"column":30},"end":{"line":43,"column":1}},"1":{"start":{"line":10,"column":28},"end":{"line":10,"column":62}},"2":{"start":{"line":11,"column":20},"end":{"line":11,"column":52}},"3":{"start":{"line":12,"column":6},"end":{"line":12,"column":110}},"4":{"start":{"line":12,"column":36},"end":{"line":12,"column":110}},"5":{"start":{"line":13,"column":28},"end":{"line":13,"column":35}},"6":{"start":{"line":14,"column":6},"end":{"line":14,"column":42}},"7":{"start":{"line":15,"column":6},"end":{"line":15,"column":27}},"8":{"start":{"line":18,"column":28},"end":{"line":18,"column":62}},"9":{"start":{"line":19,"column":20},"end":{"line":19,"column":52}},"10":{"start":{"line":20,"column":6},"end":{"line":20,"column":110}},"11":{"start":{"line":20,"column":36},"end":{"line":20,"column":110}},"12":{"start":{"line":21,"column":18},"end":{"line":21,"column":56}},"13":{"start":{"line":22,"column":6},"end":{"line":22,"column":41}},"14":{"start":{"line":23,"column":6},"end":{"line":27,"column":7}},"15":{"start":{"line":24,"column":8},"end":{"line":26,"column":9}},"16":{"start":{"line":25,"column":10},"end":{"line":25,"column":101}},"17":{"start":{"line":25,"column":35},"end":{"line":25,"column":64}},"18":{"start":{"line":25,"column":81},"end":{"line":25,"column":99}},"19":{"start":{"line":28,"column":17},"end":{"line":28,"column":87}},"20":{"start":{"line":29,"column":6},"end":{"line":29,"column":16}},"21":{"start":{"line":32,"column":28},"end":{"line":32,"column":62}},"22":{"start":{"line":33,"column":20},"end":{"line":33,"column":52}},"23":{"start":{"line":34,"column":6},"end":{"line":34,"column":110}},"24":{"start":{"line":34,"column":36},"end":{"line":34,"column":110}},"25":{"start":{"line":35,"column":17},"end":{"line":35,"column":55}},"26":{"start":{"line":36,"column":6},"end":{"line":38,"column":7}},"27":{"start":{"line":37,"column":8},"end":{"line":37,"column":55}},"28":{"start":{"line":37,"column":35},"end":{"line":37,"column":53}},"29":{"start":{"line":39,"column":6},"end":{"line":39,"column":53}},"30":{"start":{"line":40,"column":6},"end":{"line":40,"column":16}}},"fnMap":{"0":{"name":"(anonymous_0)","decl":{"start":{"line":9,"column":25},"end":{"line":9,"column":26}},"loc":{"start":{"line":9,"column":71},"end":{"line":16,"column":5}},"line":9},"1":{"name":"(anonymous_1)","decl":{"start":{"line":17,"column":25},"end":{"line":17,"column":26}},"loc":{"start":{"line":17,"column":71},"end":{"line":30,"column":5}},"line":17},"2":{"name":"(anonymous_2)","decl":{"start":{"line":25,"column":30},"end":{"line":25,"column":31}},"loc":{"start":{"line":25,"column":35},"end":{"line":25,"column":64}},"line":25},"3":{"name":"(anonymous_3)","decl":{"start":{"line":25,"column":74},"end":{"line":25,"column":75}},"loc":{"start":{"line":25,"column":81},"end":{"line":25,"column":99}},"line":25},"4":{"name":"(anonymous_4)","decl":{"start":{"line":31,"column":25},"end":{"line":31,"column":26}},"loc":{"start":{"line":31,"column":71},"end":{"line":41,"column":5}},"line":31},"5":{"name":"(anonymous_5)","decl":{"start":{"line":37,"column":28},"end":{"line":37,"column":29}},"loc":{"start":{"line":37,"column":35},"end":{"line":37,"column":53}},"line":37}},"branchMap":{"0":{"loc":{"start":{"line":12,"column":6},"end":{"line":12,"column":110}},"type":"if","locations":[{"start":{"line":12,"column":6},"end":{"line":12,"column":110}},{"start":{},"end":{}}],"line":12},"1":{"loc":{"start":{"line":12,"column":10},"end":{"line":12,"column":34}},"type":"binary-expr","locations":[{"start":{"line":12,"column":10},"end":{"line":12,"column":24}},{"start":{"line":12,"column":28},"end":{"line":12,"column":34}}],"line":12},"2":{"loc":{"start":{"line":20,"column":6},"end":{"line":20,"column":110}},"type":"if","locations":[{"start":{"line":20,"column":6},"end":{"line":20,"column":110}},{"start":{},"end":{}}],"line":20},"3":{"loc":{"start":{"line":20,"column":10},"end":{"line":20,"column":34}},"type":"binary-expr","locations":[{"start":{"line":20,"column":10},"end":{"line":20,"column":24}},{"start":{"line":20,"column":28},"end":{"line":20,"column":34}}],"line":20},"4":{"loc":{"start":{"line":23,"column":6},"end":{"line":27,"column":7}},"type":"if","locations":[{"start":{"line":23,"column":6},"end":{"line":27,"column":7}},{"start":{},"end":{}}],"line":23},"5":{"loc":{"start":{"line":24,"column":8},"end":{"line":26,"column":9}},"type":"if","locations":[{"start":{"line":24,"column":8},"end":{"line":26,"column":9}},{"start":{},"end":{}}],"line":24},"6":{"loc":{"start":{"line":34,"column":6},"end":{"line":34,"column":110}},"type":"if","locations":[{"start":{"line":34,"column":6},"end":{"line":34,"column":110}},{"start":{},"end":{}}],"line":34},"7":{"loc":{"start":{"line":34,"column":10},"end":{"line":34,"column":34}},"type":"binary-expr","locations":[{"start":{"line":34,"column":10},"end":{"line":34,"column":24}},{"start":{"line":34,"column":28},"end":{"line":34,"column":34}}],"line":34},"8":{"loc":{"start":{"line":36,"column":6},"end":{"line":38,"column":7}},"type":"if","locations":[{"start":{"line":36,"column":6},"end":{"line":38,"column":7}},{"start":{},"end":{}}],"line":36}},"s":{"0":6,"1":2,"2":2,"3":2,"4":1,"5":1,"6":1,"7":1,"8":3,"9":3,"10":3,"11":1,"12":2,"13":2,"14":2,"15":1,"16":1,"17":2,"18":1,"19":2,"20":2,"21":2,"22":2,"23":2,"24":1,"25":1,"26":1,"27":1,"28":1,"29":1,"30":1},"f":{"0":2,"1":3,"2":2,"3":1,"4":2,"5":1},"b":{"0":[1,1],"1":[2,1],"2":[1,2],"3":[3,2],"4":[1,1],"5":[1,0],"6":[1,1],"7":[2,1],"8":[1,0]},"_coverageSchema":"1a1c01bbd47fc00a2c39e90264f33305004495a9","hash":"e3836261ea7446513c12d563b95fee24c271f433"}
,"C:\\Users\\Micka\\OneDrive\\Documents\\Code\\JS-TS\\Real-Estate-Website-GraphQL\\advertisement\\advertisementQuery.js": {"path":"C:\\Users\\Micka\\OneDrive\\Documents\\Code\\JS-TS\\Real-Estate-Website-GraphQL\\advertisement\\advertisementQuery.js","statementMap":{"0":{"start":{"line":5,"column":27},"end":{"line":44,"column":1}},"1":{"start":{"line":7,"column":18},"end":{"line":7,"column":40}},"2":{"start":{"line":10,"column":21},"end":{"line":22,"column":7}},"3":{"start":{"line":11,"column":23},"end":{"line":11,"column":25}},"4":{"start":{"line":12,"column":8},"end":{"line":12,"column":69}},"5":{"start":{"line":12,"column":24},"end":{"line":12,"column":69}},"6":{"start":{"line":13,"column":8},"end":{"line":13,"column":66}},"7":{"start":{"line":13,"column":23},"end":{"line":13,"column":66}},"8":{"start":{"line":14,"column":8},"end":{"line":16,"column":9}},"9":{"start":{"line":15,"column":10},"end":{"line":15,"column":81}},"10":{"start":{"line":17,"column":8},"end":{"line":19,"column":9}},"11":{"start":{"line":18,"column":10},"end":{"line":18,"column":85}},"12":{"start":{"line":20,"column":8},"end":{"line":20,"column":69}},"13":{"start":{"line":20,"column":24},"end":{"line":20,"column":69}},"14":{"start":{"line":21,"column":8},"end":{"line":21,"column":22}},"15":{"start":{"line":23,"column":6},"end":{"line":23,"column":45}},"16":{"start":{"line":27,"column":21},"end":{"line":39,"column":7}},"17":{"start":{"line":28,"column":23},"end":{"line":28,"column":25}},"18":{"start":{"line":29,"column":8},"end":{"line":29,"column":69}},"19":{"start":{"line":29,"column":24},"end":{"line":29,"column":69}},"20":{"start":{"line":30,"column":8},"end":{"line":30,"column":66}},"21":{"start":{"line":30,"column":23},"end":{"line":30,"column":66}},"22":{"start":{"line":31,"column":8},"end":{"line":33,"column":9}},"23":{"start":{"line":32,"column":10},"end":{"line":32,"column":81}},"24":{"start":{"line":34,"column":8},"end":{"line":36,"column":9}},"25":{"start":{"line":35,"column":10},"end":{"line":35,"column":85}},"26":{"start":{"line":37,"column":8},"end":{"line":37,"column":69}},"27":{"start":{"line":37,"column":24},"end":{"line":37,"column":69}},"28":{"start":{"line":38,"column":8},"end":{"line":38,"column":22}},"29":{"start":{"line":40,"column":6},"end":{"line":40,"column":42}},"30":{"start":{"line":42,"column":27},"end":{"line":42,"column":80}}},"fnMap":{"0":{"name":"(anonymous_0)","decl":{"start":{"line":7,"column":12},"end":{"line":7,"column":13}},"loc":{"start":{"line":7,"column":18},"end":{"line":7,"column":40}},"line":7},"1":{"name":"(anonymous_1)","decl":{"start":{"line":8,"column":14},"end":{"line":8,"column":15}},"loc":{"start":{"line":8,"column":30},"end":{"line":24,"column":5}},"line":8},"2":{"name":"(anonymous_2)","decl":{"start":{"line":10,"column":21},"end":{"line":10,"column":22}},"loc":{"start":{"line":10,"column":27},"end":{"line":22,"column":7}},"line":10},"3":{"name":"(anonymous_3)","decl":{"start":{"line":25,"column":16},"end":{"line":25,"column":17}},"loc":{"start":{"line":25,"column":32},"end":{"line":41,"column":5}},"line":25},"4":{"name":"(anonymous_4)","decl":{"start":{"line":27,"column":21},"end":{"line":27,"column":22}},"loc":{"start":{"line":27,"column":27},"end":{"line":39,"column":7}},"line":27},"5":{"name":"(anonymous_5)","decl":{"start":{"line":42,"column":21},"end":{"line":42,"column":22}},"loc":{"start":{"line":42,"column":27},"end":{"line":42,"column":80}},"line":42}},"branchMap":{"0":{"loc":{"start":{"line":12,"column":8},"end":{"line":12,"column":69}},"type":"if","locations":[{"start":{"line":12,"column":8},"end":{"line":12,"column":69}},{"start":{},"end":{}}],"line":12},"1":{"loc":{"start":{"line":13,"column":8},"end":{"line":13,"column":66}},"type":"if","locations":[{"start":{"line":13,"column":8},"end":{"line":13,"column":66}},{"start":{},"end":{}}],"line":13},"2":{"loc":{"start":{"line":14,"column":8},"end":{"line":16,"column":9}},"type":"if","locations":[{"start":{"line":14,"column":8},"end":{"line":16,"column":9}},{"start":{},"end":{}}],"line":14},"3":{"loc":{"start":{"line":17,"column":8},"end":{"line":19,"column":9}},"type":"if","locations":[{"start":{"line":17,"column":8},"end":{"line":19,"column":9}},{"start":{},"end":{}}],"line":17},"4":{"loc":{"start":{"line":20,"column":8},"end":{"line":20,"column":69}},"type":"if","locations":[{"start":{"line":20,"column":8},"end":{"line":20,"column":69}},{"start":{},"end":{}}],"line":20},"5":{"loc":{"start":{"line":29,"column":8},"end":{"line":29,"column":69}},"type":"if","locations":[{"start":{"line":29,"column":8},"end":{"line":29,"column":69}},{"start":{},"end":{}}],"line":29},"6":{"loc":{"start":{"line":30,"column":8},"end":{"line":30,"column":66}},"type":"if","locations":[{"start":{"line":30,"column":8},"end":{"line":30,"column":66}},{"start":{},"end":{}}],"line":30},"7":{"loc":{"start":{"line":31,"column":8},"end":{"line":33,"column":9}},"type":"if","locations":[{"start":{"line":31,"column":8},"end":{"line":33,"column":9}},{"start":{},"end":{}}],"line":31},"8":{"loc":{"start":{"line":34,"column":8},"end":{"line":36,"column":9}},"type":"if","locations":[{"start":{"line":34,"column":8},"end":{"line":36,"column":9}},{"start":{},"end":{}}],"line":34},"9":{"loc":{"start":{"line":37,"column":8},"end":{"line":37,"column":69}},"type":"if","locations":[{"start":{"line":37,"column":8},"end":{"line":37,"column":69}},{"start":{},"end":{}}],"line":37}},"s":{"0":6,"1":1,"2":2,"3":2,"4":2,"5":1,"6":2,"7":1,"8":2,"9":1,"10":2,"11":1,"12":2,"13":1,"14":2,"15":2,"16":2,"17":2,"18":2,"19":1,"20":2,"21":1,"22":2,"23":1,"24":2,"25":1,"26":2,"27":1,"28":2,"29":2,"30":1},"f":{"0":1,"1":2,"2":2,"3":2,"4":2,"5":1},"b":{"0":[1,1],"1":[1,1],"2":[1,1],"3":[1,1],"4":[1,1],"5":[1,1],"6":[1,1],"7":[1,1],"8":[1,1],"9":[1,1]},"_coverageSchema":"1a1c01bbd47fc00a2c39e90264f33305004495a9","hash":"4a28fe00cb95e999e1a8daebfd34c22c8a26912f"}
,"C:\\Users\\Micka\\OneDrive\\Documents\\Code\\JS-TS\\Real-Estate-Website-GraphQL\\advertisement\\advertisementType.js": {"path":"C:\\Users\\Micka\\OneDrive\\Documents\\Code\\JS-TS\\Real-Estate-Website-GraphQL\\advertisement\\advertisementType.js","statementMap":{"0":{"start":{"line":1,"column":33},"end":{"line":68,"column":1}},"1":{"start":{"line":70,"column":37},"end":{"line":84,"column":1}}},"fnMap":{},"branchMap":{},"s":{"0":6,"1":6},"f":{},"b":{},"_coverageSchema":"1a1c01bbd47fc00a2c39e90264f33305004495a9","hash":"32186bf1862fa28f3a7a9e0fbbf383e6cd588b1f"}
,"C:\\Users\\Micka\\OneDrive\\Documents\\Code\\JS-TS\\Real-Estate-Website-GraphQL\\comment\\commentModel.js": {"path":"C:\\Users\\Micka\\OneDrive\\Documents\\Code\\JS-TS\\Real-Estate-Website-GraphQL\\comment\\commentModel.js","statementMap":{"0":{"start":{"line":3,"column":19},"end":{"line":3,"column":27}},"1":{"start":{"line":5,"column":17},"end":{"line":15,"column":2}}},"fnMap":{},"branchMap":{},"s":{"0":6,"1":6},"f":{},"b":{},"_coverageSchema":"1a1c01bbd47fc00a2c39e90264f33305004495a9","hash":"d5b6c556f6976384c61771333372937413f20939"}
,"C:\\Users\\Micka\\OneDrive\\Documents\\Code\\JS-TS\\Real-Estate-Website-GraphQL\\comment\\commentMutation.js": {"path":"C:\\Users\\Micka\\OneDrive\\Documents\\Code\\JS-TS\\Real-Estate-Website-GraphQL\\comment\\commentMutation.js","statementMap":{"0":{"start":{"line":7,"column":24},"end":{"line":66,"column":1}},"1":{"start":{"line":10,"column":28},"end":{"line":10,"column":62}},"2":{"start":{"line":11,"column":6},"end":{"line":11,"column":71}},"3":{"start":{"line":11,"column":26},"end":{"line":11,"column":71}},"4":{"start":{"line":12,"column":18},"end":{"line":12,"column":52}},"5":{"start":{"line":13,"column":6},"end":{"line":21,"column":8}},"6":{"start":{"line":22,"column":6},"end":{"line":22,"column":17}},"7":{"start":{"line":25,"column":28},"end":{"line":25,"column":62}},"8":{"start":{"line":26,"column":6},"end":{"line":26,"column":71}},"9":{"start":{"line":26,"column":26},"end":{"line":26,"column":71}},"10":{"start":{"line":27,"column":18},"end":{"line":35,"column":7}},"11":{"start":{"line":36,"column":6},"end":{"line":55,"column":8}},"12":{"start":{"line":56,"column":6},"end":{"line":56,"column":17}},"13":{"start":{"line":59,"column":28},"end":{"line":59,"column":62}},"14":{"start":{"line":60,"column":20},"end":{"line":60,"column":52}},"15":{"start":{"line":61,"column":6},"end":{"line":61,"column":110}},"16":{"start":{"line":61,"column":36},"end":{"line":61,"column":110}},"17":{"start":{"line":62,"column":18},"end":{"line":62,"column":59}},"18":{"start":{"line":63,"column":6},"end":{"line":63,"column":17}}},"fnMap":{"0":{"name":"(anonymous_0)","decl":{"start":{"line":9,"column":19},"end":{"line":9,"column":20}},"loc":{"start":{"line":9,"column":65},"end":{"line":23,"column":5}},"line":9},"1":{"name":"(anonymous_1)","decl":{"start":{"line":24,"column":19},"end":{"line":24,"column":20}},"loc":{"start":{"line":24,"column":65},"end":{"line":57,"column":5}},"line":24},"2":{"name":"(anonymous_2)","decl":{"start":{"line":58,"column":19},"end":{"line":58,"column":20}},"loc":{"start":{"line":58,"column":65},"end":{"line":64,"column":5}},"line":58}},"branchMap":{"0":{"loc":{"start":{"line":11,"column":6},"end":{"line":11,"column":71}},"type":"if","locations":[{"start":{"line":11,"column":6},"end":{"line":11,"column":71}},{"start":{},"end":{}}],"line":11},"1":{"loc":{"start":{"line":26,"column":6},"end":{"line":26,"column":71}},"type":"if","locations":[{"start":{"line":26,"column":6},"end":{"line":26,"column":71}},{"start":{},"end":{}}],"line":26},"2":{"loc":{"start":{"line":61,"column":6},"end":{"line":61,"column":110}},"type":"if","locations":[{"start":{"line":61,"column":6},"end":{"line":61,"column":110}},{"start":{},"end":{}}],"line":61},"3":{"loc":{"start":{"line":61,"column":10},"end":{"line":61,"column":34}},"type":"binary-expr","locations":[{"start":{"line":61,"column":10},"end":{"line":61,"column":24}},{"start":{"line":61,"column":28},"end":{"line":61,"column":34}}],"line":61}},"s":{"0":6,"1":2,"2":2,"3":1,"4":1,"5":1,"6":1,"7":2,"8":2,"9":1,"10":1,"11":1,"12":1,"13":2,"14":2,"15":2,"16":1,"17":1,"18":1},"f":{"0":2,"1":2,"2":2},"b":{"0":[1,1],"1":[1,1],"2":[1,1],"3":[2,1]},"_coverageSchema":"1a1c01bbd47fc00a2c39e90264f33305004495a9","hash":"a063b7bc600cb14d3c39443b02a9d1d83377b571"}
,"C:\\Users\\Micka\\OneDrive\\Documents\\Code\\JS-TS\\Real-Estate-Website-GraphQL\\comment\\commentQuery.js": {"path":"C:\\Users\\Micka\\OneDrive\\Documents\\Code\\JS-TS\\Real-Estate-Website-GraphQL\\comment\\commentQuery.js","statementMap":{"0":{"start":{"line":7,"column":21},"end":{"line":53,"column":1}},"1":{"start":{"line":10,"column":28},"end":{"line":10,"column":62}},"2":{"start":{"line":11,"column":20},"end":{"line":11,"column":52}},"3":{"start":{"line":12,"column":6},"end":{"line":12,"column":110}},"4":{"start":{"line":12,"column":36},"end":{"line":12,"column":110}},"5":{"start":{"line":13,"column":23},"end":{"line":13,"column":45}},"6":{"start":{"line":14,"column":6},"end":{"line":14,"column":22}},"7":{"start":{"line":17,"column":28},"end":{"line":17,"column":62}},"8":{"start":{"line":18,"column":20},"end":{"line":18,"column":52}},"9":{"start":{"line":19,"column":6},"end":{"line":19,"column":110}},"10":{"start":{"line":19,"column":36},"end":{"line":19,"column":110}},"11":{"start":{"line":20,"column":17},"end":{"line":20,"column":65}},"12":{"start":{"line":21,"column":6},"end":{"line":21,"column":25}},"13":{"start":{"line":24,"column":28},"end":{"line":24,"column":62}},"14":{"start":{"line":25,"column":20},"end":{"line":25,"column":52}},"15":{"start":{"line":26,"column":6},"end":{"line":26,"column":110}},"16":{"start":{"line":26,"column":36},"end":{"line":26,"column":110}},"17":{"start":{"line":28,"column":21},"end":{"line":34,"column":7}},"18":{"start":{"line":29,"column":23},"end":{"line":29,"column":25}},"19":{"start":{"line":30,"column":8},"end":{"line":30,"column":63}},"20":{"start":{"line":30,"column":22},"end":{"line":30,"column":63}},"21":{"start":{"line":31,"column":8},"end":{"line":31,"column":72}},"22":{"start":{"line":31,"column":25},"end":{"line":31,"column":72}},"23":{"start":{"line":32,"column":8},"end":{"line":32,"column":66}},"24":{"start":{"line":32,"column":23},"end":{"line":32,"column":66}},"25":{"start":{"line":33,"column":8},"end":{"line":33,"column":22}},"26":{"start":{"line":35,"column":22},"end":{"line":35,"column":53}},"27":{"start":{"line":36,"column":6},"end":{"line":36,"column":21}},"28":{"start":{"line":39,"column":28},"end":{"line":39,"column":62}},"29":{"start":{"line":40,"column":20},"end":{"line":40,"column":52}},"30":{"start":{"line":41,"column":6},"end":{"line":41,"column":110}},"31":{"start":{"line":41,"column":36},"end":{"line":41,"column":110}},"32":{"start":{"line":43,"column":21},"end":{"line":48,"column":7}},"33":{"start":{"line":44,"column":23},"end":{"line":44,"column":25}},"34":{"start":{"line":45,"column":8},"end":{"line":45,"column":72}},"35":{"start":{"line":45,"column":25},"end":{"line":45,"column":72}},"36":{"start":{"line":46,"column":8},"end":{"line":46,"column":66}},"37":{"start":{"line":46,"column":23},"end":{"line":46,"column":66}},"38":{"start":{"line":47,"column":8},"end":{"line":47,"column":22}},"39":{"start":{"line":49,"column":23},"end":{"line":49,"column":51}},"40":{"start":{"line":50,"column":6},"end":{"line":50,"column":22}}},"fnMap":{"0":{"name":"(anonymous_0)","decl":{"start":{"line":9,"column":20},"end":{"line":9,"column":21}},"loc":{"start":{"line":9,"column":66},"end":{"line":15,"column":5}},"line":9},"1":{"name":"(anonymous_1)","decl":{"start":{"line":16,"column":19},"end":{"line":16,"column":20}},"loc":{"start":{"line":16,"column":65},"end":{"line":22,"column":5}},"line":16},"2":{"name":"(anonymous_2)","decl":{"start":{"line":23,"column":19},"end":{"line":23,"column":20}},"loc":{"start":{"line":23,"column":65},"end":{"line":37,"column":5}},"line":23},"3":{"name":"(anonymous_3)","decl":{"start":{"line":28,"column":21},"end":{"line":28,"column":22}},"loc":{"start":{"line":28,"column":27},"end":{"line":34,"column":7}},"line":28},"4":{"name":"(anonymous_4)","decl":{"start":{"line":38,"column":21},"end":{"line":38,"column":22}},"loc":{"start":{"line":38,"column":67},"end":{"line":51,"column":5}},"line":38},"5":{"name":"(anonymous_5)","decl":{"start":{"line":43,"column":21},"end":{"line":43,"column":22}},"loc":{"start":{"line":43,"column":27},"end":{"line":48,"column":7}},"line":43}},"branchMap":{"0":{"loc":{"start":{"line":12,"column":6},"end":{"line":12,"column":110}},"type":"if","locations":[{"start":{"line":12,"column":6},"end":{"line":12,"column":110}},{"start":{},"end":{}}],"line":12},"1":{"loc":{"start":{"line":12,"column":10},"end":{"line":12,"column":34}},"type":"binary-expr","locations":[{"start":{"line":12,"column":10},"end":{"line":12,"column":24}},{"start":{"line":12,"column":28},"end":{"line":12,"column":34}}],"line":12},"2":{"loc":{"start":{"line":19,"column":6},"end":{"line":19,"column":110}},"type":"if","locations":[{"start":{"line":19,"column":6},"end":{"line":19,"column":110}},{"start":{},"end":{}}],"line":19},"3":{"loc":{"start":{"line":19,"column":10},"end":{"line":19,"column":34}},"type":"binary-expr","locations":[{"start":{"line":19,"column":10},"end":{"line":19,"column":24}},{"start":{"line":19,"column":28},"end":{"line":19,"column":34}}],"line":19},"4":{"loc":{"start":{"line":26,"column":6},"end":{"line":26,"column":110}},"type":"if","locations":[{"start":{"line":26,"column":6},"end":{"line":26,"column":110}},{"start":{},"end":{}}],"line":26},"5":{"loc":{"start":{"line":26,"column":10},"end":{"line":26,"column":34}},"type":"binary-expr","locations":[{"start":{"line":26,"column":10},"end":{"line":26,"column":24}},{"start":{"line":26,"column":28},"end":{"line":26,"column":34}}],"line":26},"6":{"loc":{"start":{"line":30,"column":8},"end":{"line":30,"column":63}},"type":"if","locations":[{"start":{"line":30,"column":8},"end":{"line":30,"column":63}},{"start":{},"end":{}}],"line":30},"7":{"loc":{"start":{"line":31,"column":8},"end":{"line":31,"column":72}},"type":"if","locations":[{"start":{"line":31,"column":8},"end":{"line":31,"column":72}},{"start":{},"end":{}}],"line":31},"8":{"loc":{"start":{"line":32,"column":8},"end":{"line":32,"column":66}},"type":"if","locations":[{"start":{"line":32,"column":8},"end":{"line":32,"column":66}},{"start":{},"end":{}}],"line":32},"9":{"loc":{"start":{"line":41,"column":6},"end":{"line":41,"column":110}},"type":"if","locations":[{"start":{"line":41,"column":6},"end":{"line":41,"column":110}},{"start":{},"end":{}}],"line":41},"10":{"loc":{"start":{"line":41,"column":10},"end":{"line":41,"column":34}},"type":"binary-expr","locations":[{"start":{"line":41,"column":10},"end":{"line":41,"column":24}},{"start":{"line":41,"column":28},"end":{"line":41,"column":34}}],"line":41},"11":{"loc":{"start":{"line":45,"column":8},"end":{"line":45,"column":72}},"type":"if","locations":[{"start":{"line":45,"column":8},"end":{"line":45,"column":72}},{"start":{},"end":{}}],"line":45},"12":{"loc":{"start":{"line":46,"column":8},"end":{"line":46,"column":66}},"type":"if","locations":[{"start":{"line":46,"column":8},"end":{"line":46,"column":66}},{"start":{},"end":{}}],"line":46}},"s":{"0":6,"1":2,"2":2,"3":2,"4":1,"5":1,"6":1,"7":2,"8":2,"9":2,"10":1,"11":1,"12":1,"13":3,"14":3,"15":3,"16":1,"17":2,"18":2,"19":2,"20":1,"21":2,"22":1,"23":2,"24":1,"25":2,"26":2,"27":2,"28":3,"29":3,"30":3,"31":1,"32":2,"33":2,"34":2,"35":1,"36":2,"37":1,"38":2,"39":2,"40":2},"f":{"0":2,"1":2,"2":3,"3":2,"4":3,"5":2},"b":{"0":[1,1],"1":[2,1],"2":[1,1],"3":[2,1],"4":[1,2],"5":[3,2],"6":[1,1],"7":[1,1],"8":[1,1],"9":[1,2],"10":[3,2],"11":[1,1],"12":[1,1]},"_coverageSchema":"1a1c01bbd47fc00a2c39e90264f33305004495a9","hash":"a9d9e82fc5e3e2b0876cb24e6028d220634aff1c"}
,"C:\\Users\\Micka\\OneDrive\\Documents\\Code\\JS-TS\\Real-Estate-Website-GraphQL\\comment\\commentType.js": {"path":"C:\\Users\\Micka\\OneDrive\\Documents\\Code\\JS-TS\\Real-Estate-Website-GraphQL\\comment\\commentType.js","statementMap":{"0":{"start":{"line":1,"column":20},"end":{"line":33,"column":1}}},"fnMap":{},"branchMap":{},"s":{"0":6},"f":{},"b":{},"_coverageSchema":"1a1c01bbd47fc00a2c39e90264f33305004495a9","hash":"9d255bd94ab08712565b1b507b969e90422f8b9a"}
}
