TN:
SF:app.js
FN:39,(anonymous_0)
FN:45,(anonymous_1)
FNF:2
FNH:2
FNDA:37,(anonymous_0)
FNDA:33,(anonymous_1)
DA:20,6
DA:22,6
DA:37,6
DA:38,6
DA:40,37
DA:41,22
DA:42,22
DA:43,22
DA:46,33
DA:47,20
DA:48,20
DA:49,20
DA:50,20
DA:54,6
LF:14
LH:14
BRDA:40,0,0,15
BRDA:40,0,1,22
BRDA:46,1,0,13
BRDA:46,1,1,20
BRF:4
BRH:4
end_of_record
TN:
SF:account\accountModel.js
FNF:0
FNH:0
DA:3,6
DA:5,6
LF:2
LH:2
BRF:0
BRH:0
end_of_record
TN:
SF:account\accountMutation.js
FN:10,(anonymous_0)
FN:29,(anonymous_1)
FN:48,(anonymous_2)
FN:55,(anonymous_3)
FNF:4
FNH:4
FNDA:4,(anonymous_0)
FNDA:2,(anonymous_1)
FNDA:2,(anonymous_2)
FNDA:1,(anonymous_3)
DA:8,6
DA:11,4
DA:12,4
DA:13,4
DA:14,2
DA:15,2
DA:16,1
DA:18,1
DA:19,1
DA:27,1
DA:30,2
DA:31,2
DA:32,2
DA:33,1
DA:46,1
DA:49,2
DA:50,2
DA:51,2
DA:52,1
DA:53,1
DA:58,1
DA:59,1
DA:67,1
LF:23
LH:23
BRDA:13,0,0,2
BRDA:13,0,1,2
BRDA:13,1,0,4
BRDA:13,1,1,3
BRDA:15,2,0,1
BRDA:15,2,1,1
BRDA:32,3,0,1
BRDA:32,3,1,1
BRDA:32,4,0,2
BRDA:32,4,1,1
BRDA:51,5,0,1
BRDA:51,5,1,1
BRDA:51,6,0,2
BRDA:51,6,1,1
BRF:14
BRH:14
end_of_record
TN:
SF:account\accountQuery.js
FN:10,(anonymous_0)
FN:17,(anonymous_1)
FN:22,(anonymous_2)
FN:32,(anonymous_3)
FNF:4
FNH:4
FNDA:25,(anonymous_0)
FNDA:4,(anonymous_1)
FNDA:2,(anonymous_2)
FNDA:2,(anonymous_3)
DA:8,6
DA:11,25
DA:12,25
DA:13,24
DA:14,24
DA:15,23
DA:18,4
DA:19,4
DA:20,4
DA:22,2
DA:23,2
DA:24,2
DA:25,2
DA:26,2
DA:27,2
DA:29,2
DA:30,2
DA:33,2
DA:34,2
DA:35,2
DA:36,1
DA:37,1
LF:22
LH:22
BRDA:12,0,0,1
BRDA:12,0,1,24
BRDA:14,1,0,1
BRDA:14,1,1,23
BRDA:20,2,0,2
BRDA:20,2,1,2
BRDA:20,3,0,4
BRDA:20,3,1,3
BRDA:24,4,0,1
BRDA:24,4,1,1
BRDA:25,5,0,1
BRDA:25,5,1,1
BRDA:26,6,0,1
BRDA:26,6,1,1
BRDA:35,7,0,1
BRDA:35,7,1,1
BRDA:35,8,0,2
BRDA:35,8,1,1
BRF:18
BRH:18
end_of_record
TN:
SF:account\accountType.js
FNF:0
FNH:0
DA:1,6
LF:1
LH:1
BRF:0
BRH:0
end_of_record
TN:
SF:advertisement\advertisementModel.js
FNF:0
FNH:0
DA:6,6
DA:8,6
LF:2
LH:2
BRF:0
BRH:0
end_of_record
TN:
SF:advertisement\advertisementMutation.js
FN:9,(anonymous_0)
FN:17,(anonymous_1)
FN:25,(anonymous_2)
FN:25,(anonymous_3)
FN:31,(anonymous_4)
FN:37,(anonymous_5)
FNF:6
FNH:6
FNDA:2,(anonymous_0)
FNDA:3,(anonymous_1)
FNDA:2,(anonymous_2)
FNDA:1,(anonymous_3)
FNDA:2,(anonymous_4)
FNDA:1,(anonymous_5)
DA:7,6
DA:10,2
DA:11,2
DA:12,2
DA:13,1
DA:14,1
DA:15,1
DA:18,3
DA:19,3
DA:20,3
DA:21,2
DA:22,2
DA:23,2
DA:24,1
DA:25,2
DA:28,2
DA:29,2
DA:32,2
DA:33,2
DA:34,2
DA:35,1
DA:36,1
DA:37,1
DA:39,1
DA:40,1
LF:25
LH:25
BRDA:12,0,0,1
BRDA:12,0,1,1
BRDA:12,1,0,2
BRDA:12,1,1,1
BRDA:20,2,0,1
BRDA:20,2,1,2
BRDA:20,3,0,3
BRDA:20,3,1,2
BRDA:23,4,0,1
BRDA:23,4,1,1
BRDA:24,5,0,1
BRDA:24,5,1,0
BRDA:34,6,0,1
BRDA:34,6,1,1
BRDA:34,7,0,2
BRDA:34,7,1,1
BRDA:36,8,0,1
BRDA:36,8,1,0
BRF:18
BRH:16
end_of_record
TN:
SF:advertisement\advertisementQuery.js
FN:7,(anonymous_0)
FN:8,(anonymous_1)
FN:10,(anonymous_2)
FN:25,(anonymous_3)
FN:27,(anonymous_4)
FN:42,(anonymous_5)
FNF:6
FNH:6
FNDA:1,(anonymous_0)
FNDA:2,(anonymous_1)
FNDA:2,(anonymous_2)
FNDA:2,(anonymous_3)
FNDA:2,(anonymous_4)
FNDA:1,(anonymous_5)
DA:5,6
DA:7,1
DA:10,2
DA:11,2
DA:12,2
DA:13,2
DA:14,2
DA:15,1
DA:17,2
DA:18,1
DA:20,2
DA:21,2
DA:23,2
DA:27,2
DA:28,2
DA:29,2
DA:30,2
DA:31,2
DA:32,1
DA:34,2
DA:35,1
DA:37,2
DA:38,2
DA:40,2
DA:42,1
LF:25
LH:25
BRDA:12,0,0,1
BRDA:12,0,1,1
BRDA:13,1,0,1
BRDA:13,1,1,1
BRDA:14,2,0,1
BRDA:14,2,1,1
BRDA:17,3,0,1
BRDA:17,3,1,1
BRDA:20,4,0,1
BRDA:20,4,1,1
BRDA:29,5,0,1
BRDA:29,5,1,1
BRDA:30,6,0,1
BRDA:30,6,1,1
BRDA:31,7,0,1
BRDA:31,7,1,1
BRDA:34,8,0,1
BRDA:34,8,1,1
BRDA:37,9,0,1
BRDA:37,9,1,1
BRF:20
BRH:20
end_of_record
TN:
SF:advertisement\advertisementType.js
FNF:0
FNH:0
DA:1,6
DA:70,6
LF:2
LH:2
BRF:0
BRH:0
end_of_record
TN:
SF:comment\commentModel.js
FNF:0
FNH:0
DA:3,6
DA:5,6
LF:2
LH:2
BRF:0
BRH:0
end_of_record
TN:
SF:comment\commentMutation.js
FN:9,(anonymous_0)
FN:24,(anonymous_1)
FN:58,(anonymous_2)
FNF:3
FNH:3
FNDA:2,(anonymous_0)
FNDA:2,(anonymous_1)
FNDA:2,(anonymous_2)
DA:7,6
DA:10,2
DA:11,2
DA:12,1
DA:13,1
DA:22,1
DA:25,2
DA:26,2
DA:27,1
DA:36,1
DA:56,1
DA:59,2
DA:60,2
DA:61,2
DA:62,1
DA:63,1
LF:16
LH:16
BRDA:11,0,0,1
BRDA:11,0,1,1
BRDA:26,1,0,1
BRDA:26,1,1,1
BRDA:61,2,0,1
BRDA:61,2,1,1
BRDA:61,3,0,2
BRDA:61,3,1,1
BRF:8
BRH:8
end_of_record
TN:
SF:comment\commentQuery.js
FN:9,(anonymous_0)
FN:16,(anonymous_1)
FN:23,(anonymous_2)
FN:28,(anonymous_3)
FN:38,(anonymous_4)
FN:43,(anonymous_5)
FNF:6
FNH:6
FNDA:2,(anonymous_0)
FNDA:2,(anonymous_1)
FNDA:3,(anonymous_2)
FNDA:2,(anonymous_3)
FNDA:3,(anonymous_4)
FNDA:2,(anonymous_5)
DA:7,6
DA:10,2
DA:11,2
DA:12,2
DA:13,1
DA:14,1
DA:17,2
DA:18,2
DA:19,2
DA:20,1
DA:21,1
DA:24,3
DA:25,3
DA:26,3
DA:28,2
DA:29,2
DA:30,2
DA:31,2
DA:32,2
DA:33,2
DA:35,2
DA:36,2
DA:39,3
DA:40,3
DA:41,3
DA:43,2
DA:44,2
DA:45,2
DA:46,2
DA:47,2
DA:49,2
DA:50,2
LF:32
LH:32
BRDA:12,0,0,1
BRDA:12,0,1,1
BRDA:12,1,0,2
BRDA:12,1,1,1
BRDA:19,2,0,1
BRDA:19,2,1,1
BRDA:19,3,0,2
BRDA:19,3,1,1
BRDA:26,4,0,1
BRDA:26,4,1,2
BRDA:26,5,0,3
BRDA:26,5,1,2
BRDA:30,6,0,1
BRDA:30,6,1,1
BRDA:31,7,0,1
BRDA:31,7,1,1
BRDA:32,8,0,1
BRDA:32,8,1,1
BRDA:41,9,0,1
BRDA:41,9,1,2
BRDA:41,10,0,3
BRDA:41,10,1,2
BRDA:45,11,0,1
BRDA:45,11,1,1
BRDA:46,12,0,1
BRDA:46,12,1,1
BRF:26
BRH:26
end_of_record
TN:
SF:comment\commentType.js
FNF:0
FNH:0
DA:1,6
LF:1
LH:1
BRF:0
BRH:0
end_of_record
